2024-01-24 14:38:56 [restartedMain] INFO  : Starting BookingComApplication using Java 17.0.8.1 with PID 24292 (C:\Users\tpalangappa\Documents\workspace-spring-tool\BookingCom\target\classes started by tpalangappa in C:\Users\tpalangappa\Documents\workspace-spring-tool\BookingCom)
2024-01-24 14:38:56 [restartedMain] DEBUG : Running with Spring Boot v3.2.0, Spring v6.1.1
2024-01-24 14:38:56 [restartedMain] INFO  : No active profile set, falling back to 1 default profile: "default"
2024-01-24 14:38:56 [restartedMain] INFO  : Bootstrapping Spring Data JPA repositories in DEFAULT mode.
2024-01-24 14:38:57 [restartedMain] INFO  : Finished Spring Data repository scanning in 32 ms. Found 7 JPA repository interfaces.
2024-01-24 14:38:57 [restartedMain] INFO  : Tomcat initialized with port 8080 (http)
2024-01-24 14:38:57 [restartedMain] INFO  : Starting service [Tomcat]
2024-01-24 14:38:57 [restartedMain] INFO  : Starting Servlet engine: [Apache Tomcat/10.1.16]
2024-01-24 14:38:57 [restartedMain] INFO  : Initializing Spring embedded WebApplicationContext
2024-01-24 14:38:57 [restartedMain] INFO  : Root WebApplicationContext: initialization completed in 286 ms
2024-01-24 14:38:57 [restartedMain] INFO  : HHH000204: Processing PersistenceUnitInfo [name: default]
2024-01-24 14:38:57 [restartedMain] INFO  : HHH000026: Second-level cache disabled
2024-01-24 14:38:57 [restartedMain] INFO  : No LoadTimeWeaver setup: ignoring JPA class transformer
2024-01-24 14:38:57 [restartedMain] INFO  : HikariPool-9 - Starting...
2024-01-24 14:38:57 [restartedMain] INFO  : HikariPool-9 - Added connection ConnectionID:101 ClientConnectionId: b5c622d0-1253-4773-9e06-50bffda32c84
2024-01-24 14:38:57 [restartedMain] INFO  : HikariPool-9 - Start completed.
2024-01-24 14:38:57 [restartedMain] INFO  : HHH000489: No JTA platform available (set 'hibernate.transaction.jta.platform' to enable JTA platform integration)
2024-01-24 14:38:57 [restartedMain] INFO  : Initialized JPA EntityManagerFactory for persistence unit 'default'
2024-01-24 14:38:58 [restartedMain] WARN  : spring.jpa.open-in-view is enabled by default. Therefore, database queries may be performed during view rendering. Explicitly configure spring.jpa.open-in-view to disable this warning
2024-01-24 14:38:58 [restartedMain] INFO  : LiveReload server is running on port 35729
2024-01-24 14:38:58 [restartedMain] INFO  : Tomcat started on port 8080 (http) with context path ''
2024-01-24 14:38:58 [restartedMain] INFO  : Started BookingComApplication in 1.406 seconds (process running for 6630.053)
2024-01-24 14:38:58 [restartedMain] INFO  : Condition evaluation unchanged
2024-01-24 14:40:11 [File Watcher] INFO  : Restarting due to 1 class path change (0 additions, 0 deletions, 1 modification)
2024-01-24 14:40:11 [Thread-35] INFO  : Closing JPA EntityManagerFactory for persistence unit 'default'
2024-01-24 14:40:11 [Thread-35] INFO  : HikariPool-9 - Shutdown initiated...
2024-01-24 14:40:11 [Thread-35] INFO  : HikariPool-9 - Shutdown completed.
